# JRE version: Java(TM) SE Runtime Environment (8.0_91-b14) (build 1.8.0_91-b14)
# Java VM: Java HotSpot(TM) 64-Bit Server VM (25.91-b14 mixed mode windows-amd64 compressed oops)
Heap:
 PSYoungGen      total 18944K, used 4872K [0x00000000eb000000, 0x00000000ec500000, 0x0000000100000000)
  eden space 16384K, 14% used [0x00000000eb000000,0x00000000eb248e38,0x00000000ec000000)
  from space 2560K, 98% used [0x00000000ec280000,0x00000000ec4f9478,0x00000000ec500000)
  to   space 2560K, 0% used [0x00000000ec000000,0x00000000ec000000,0x00000000ec280000)
 ParOldGen       total 30720K, used 1970K [0x00000000c1000000, 0x00000000c2e00000, 0x00000000eb000000)
  object space 30720K, 6% used [0x00000000c1000000,0x00000000c11ecb40,0x00000000c2e00000)
 Metaspace       used 15549K, capacity 15770K, committed 16000K, reserved 1062912K
  class space    used 1985K, capacity 2051K, committed 2176K, reserved 1048576K
GC Heap History (6 events):
Event: 2.000 GC heap before
{Heap before GC invocations=1 (full 0):
 PSYoungGen      total 18944K, used 7600K [0x00000000eb000000, 0x00000000ec500000, 0x0000000100000000)
  eden space 16384K, 46% used [0x00000000eb000000,0x00000000eb76c3f8,0x00000000ec000000)
  from space 2560K, 0% used [0x00000000ec280000,0x00000000ec280000,0x00000000ec500000)
  to   space 2560K, 0% used [0x00000000ec000000,0x00000000ec000000,0x00000000ec280000)
 ParOldGen       total 44032K, used 0K [0x00000000c1000000, 0x00000000c3b00000, 0x00000000eb000000)
  object space 44032K, 0% used [0x00000000c1000000,0x00000000c1000000,0x00000000c3b00000)
 Metaspace       used 8574K, capacity 8750K, committed 8832K, reserved 1060864K
  class space    used 1003K, capacity 1084K, committed 1152K, reserved 1048576K
Event: 2.007 GC heap after
Heap after GC invocations=1 (full 0):
 PSYoungGen      total 18944K, used 1953K [0x00000000eb000000, 0x00000000ec500000, 0x0000000100000000)
  eden space 16384K, 0% used [0x00000000eb000000,0x00000000eb000000,0x00000000ec000000)
  from space 2560K, 76% used [0x00000000ec000000,0x00000000ec1e8700,0x00000000ec280000)
  to   space 2560K, 0% used [0x00000000ec280000,0x00000000ec280000,0x00000000ec500000)
 ParOldGen       total 44032K, used 8K [0x00000000c1000000, 0x00000000c3b00000, 0x00000000eb000000)
  object space 44032K, 0% used [0x00000000c1000000,0x00000000c1002000,0x00000000c3b00000)
 Metaspace       used 8574K, capacity 8750K, committed 8832K, reserved 1060864K
  class space    used 1003K, capacity 1084K, committed 1152K, reserved 1048576K
}
Event: 2.007 GC heap before
{Heap before GC invocations=2 (full 1):
 PSYoungGen      total 18944K, used 1953K [0x00000000eb000000, 0x00000000ec500000, 0x0000000100000000)
  eden space 16384K, 0% used [0x00000000eb000000,0x00000000eb000000,0x00000000ec000000)
  from space 2560K, 76% used [0x00000000ec000000,0x00000000ec1e8700,0x00000000ec280000)
  to   space 2560K, 0% used [0x00000000ec280000,0x00000000ec280000,0x00000000ec500000)
 ParOldGen       total 44032K, used 8K [0x00000000c1000000, 0x00000000c3b00000, 0x00000000eb000000)
  object space 44032K, 0% used [0x00000000c1000000,0x00000000c1002000,0x00000000c3b00000)
 Metaspace       used 8574K, capacity 8750K, committed 8832K, reserved 1060864K
  class space    used 1003K, capacity 1084K, committed 1152K, reserved 1048576K
Event: 2.026 GC heap after
Heap after GC invocations=2 (full 1):
 PSYoungGen      total 18944K, used 0K [0x00000000eb000000, 0x00000000ec500000, 0x0000000100000000)
  eden space 16384K, 0% used [0x00000000eb000000,0x00000000eb000000,0x00000000ec000000)
  from space 2560K, 0% used [0x00000000ec000000,0x00000000ec000000,0x00000000ec280000)
  to   space 2560K, 0% used [0x00000000ec280000,0x00000000ec280000,0x00000000ec500000)
 ParOldGen       total 30720K, used 1814K [0x00000000c1000000, 0x00000000c2e00000, 0x00000000eb000000)
  object space 30720K, 5% used [0x00000000c1000000,0x00000000c11c5a18,0x00000000c2e00000)
 Metaspace       used 8574K, capacity 8750K, committed 8832K, reserved 1058816K
  class space    used 1003K, capacity 1084K, committed 1152K, reserved 1048576K
}
Event: 10.538 GC heap before
{Heap before GC invocations=3 (full 1):
 PSYoungGen      total 18944K, used 16384K [0x00000000eb000000, 0x00000000ec500000, 0x0000000100000000)
  eden space 16384K, 100% used [0x00000000eb000000,0x00000000ec000000,0x00000000ec000000)
  from space 2560K, 0% used [0x00000000ec000000,0x00000000ec000000,0x00000000ec280000)
  to   space 2560K, 0% used [0x00000000ec280000,0x00000000ec280000,0x00000000ec500000)
 ParOldGen       total 30720K, used 1814K [0x00000000c1000000, 0x00000000c2e00000, 0x00000000eb000000)
  object space 30720K, 5% used [0x00000000c1000000,0x00000000c11c5a18,0x00000000c2e00000)
 Metaspace       used 15243K, capacity 15482K, committed 15616K, reserved 1062912K
  class space    used 1943K, capacity 2019K, committed 2048K, reserved 1048576K
Event: 10.554 GC heap after
Heap after GC invocations=3 (full 1):
 PSYoungGen      total 18944K, used 2533K [0x00000000eb000000, 0x00000000ec500000, 0x0000000100000000)
  eden space 16384K, 0% used [0x00000000eb000000,0x00000000eb000000,0x00000000ec000000)
  from space 2560K, 98% used [0x00000000ec280000,0x00000000ec4f9478,0x00000000ec500000)
  to   space 2560K, 0% used [0x00000000ec000000,0x00000000ec000000,0x00000000ec280000)
 ParOldGen       total 30720K, used 1970K [0x00000000c1000000, 0x00000000c2e00000, 0x00000000eb000000)
  object space 30720K, 6% used [0x00000000c1000000,0x00000000c11ecb40,0x00000000c2e00000)
 Metaspace       used 15243K, capacity 15482K, committed 15616K, reserved 1062912K
  class space    used 1943K, capacity 2019K, committed 2048K, reserved 1048576K
}

